  main.cpp
C:\Users\Sasha New\Desktop\+++\C++\step 20.04.2023\step\main.cpp(31,8): error C2248: 'Wheels::Wheels': cannot access private member declared in class 'Wheels'
C:\Users\Sasha New\Desktop\+++\C++\step 20.04.2023\step\main.cpp(10): message : see declaration of 'Wheels::Wheels'
C:\Users\Sasha New\Desktop\+++\C++\step 20.04.2023\step\main.cpp(7): message : see declaration of 'Wheels'
C:\Users\Sasha New\Desktop\+++\C++\step 20.04.2023\step\main.cpp(31,8): error C2248: 'Engine::Engine': cannot access private member declared in class 'Engine'
C:\Users\Sasha New\Desktop\+++\C++\step 20.04.2023\step\main.cpp(17): message : see declaration of 'Engine::Engine'
C:\Users\Sasha New\Desktop\+++\C++\step 20.04.2023\step\main.cpp(14): message : see declaration of 'Engine'
C:\Users\Sasha New\Desktop\+++\C++\step 20.04.2023\step\main.cpp(31,8): error C2248: 'Doors::Doors': cannot access private member declared in class 'Doors'
C:\Users\Sasha New\Desktop\+++\C++\step 20.04.2023\step\main.cpp(25): message : see declaration of 'Doors::Doors'
C:\Users\Sasha New\Desktop\+++\C++\step 20.04.2023\step\main.cpp(22): message : see declaration of 'Doors'
C:\Users\Sasha New\Desktop\+++\C++\step 20.04.2023\step\main.cpp(34,1): error C2248: 'Wheels::display': cannot access private member declared in class 'Wheels'
C:\Users\Sasha New\Desktop\+++\C++\step 20.04.2023\step\main.cpp(11): message : see declaration of 'Wheels::display'
C:\Users\Sasha New\Desktop\+++\C++\step 20.04.2023\step\main.cpp(7): message : see declaration of 'Wheels'
C:\Users\Sasha New\Desktop\+++\C++\step 20.04.2023\step\main.cpp(35,1): error C2248: 'Engine::display': cannot access private member declared in class 'Engine'
C:\Users\Sasha New\Desktop\+++\C++\step 20.04.2023\step\main.cpp(18): message : see declaration of 'Engine::display'
C:\Users\Sasha New\Desktop\+++\C++\step 20.04.2023\step\main.cpp(14): message : see declaration of 'Engine'
C:\Users\Sasha New\Desktop\+++\C++\step 20.04.2023\step\main.cpp(36,1): error C2248: 'Doors::display': cannot access private member declared in class 'Doors'
C:\Users\Sasha New\Desktop\+++\C++\step 20.04.2023\step\main.cpp(26): message : see declaration of 'Doors::display'
C:\Users\Sasha New\Desktop\+++\C++\step 20.04.2023\step\main.cpp(22): message : see declaration of 'Doors'
C:\Users\Sasha New\Desktop\+++\C++\step 20.04.2023\step\main.cpp(56,28): error C2248: 'Car::Car': cannot access private member declared in class 'Car'
C:\Users\Sasha New\Desktop\+++\C++\step 20.04.2023\step\main.cpp(31): message : see declaration of 'Car::Car'
C:\Users\Sasha New\Desktop\+++\C++\step 20.04.2023\step\main.cpp(29): message : see declaration of 'Car'
C:\Users\Sasha New\Desktop\+++\C++\step 20.04.2023\step\main.cpp(57,23): error C2248: 'Car::display': cannot access private member declared in class 'Car'
C:\Users\Sasha New\Desktop\+++\C++\step 20.04.2023\step\main.cpp(32): message : see declaration of 'Car::display'
C:\Users\Sasha New\Desktop\+++\C++\step 20.04.2023\step\main.cpp(29): message : see declaration of 'Car'
